
svl clean info: [persistent] prodflowermain.bcg

"prodflowermain.bcg" = generation of "prodflowermain.lnt"

svl clean info: [temporary] generator

svl clean info: [temporary] generator.o

svl clean info: [temporary] prodflowermain.o

svl clean info: [temporary] prodflowermain.err

% lnt.open   "prodflowermain.lnt"  generator  "prodflowermain.bcg"

lnt.open: translating ``phone.lnt'' to ``/tmp/lnt.25700/PHONE.lib'' ...
/tmp/lnt.25700/phone.lnt:13: warning: gate ON is declared but not used
/tmp/lnt.25700/phone.lnt:13: warning: gate VIDEO is declared but not used

lnt.open: translating ``mediadevice.lnt'' to ``/tmp/lnt.25700/MEDIADEVICE.lib'' ...
/tmp/lnt.25700/mediadevice.lnt:23: warning: gate ON is declared but not used
/tmp/lnt.25700/mediadevice.lnt:23: warning: gate VIDEO is declared but not used
/tmp/lnt.25700/mediadevice.lnt:23: warning: gate AUX is declared but not used
/tmp/lnt.25700/mediadevice.lnt:23: warning: gate AUDIO is declared but not used

lnt.open: translating ``speaker.lnt'' to ``/tmp/lnt.25700/SPEAKER.lib'' ...
/tmp/lnt.25700/speaker.lnt:8: warning: gate AUDIO is declared but not used

lnt.open: translating ``prodall.lnt'' to ``/tmp/lnt.25700/PRODALL.lib'' ...

lnt.open: translating ``flower.lnt'' to ``/tmp/lnt.25700/FLOWER.lib'' ...

lnt.open: translating ``prodflowermain.lnt'' to ``/tmp/lnt.25700/prodflowermain.lotos'' ...

lnt.open: calling caesar.open for ``prodflowermain.lotos'' ...
caesar.open: using ``(direct) caesar''
caesar.open: calling ``caesar.adt -debug -silent prodflowermain''
cadp_indent: cannot find ``indent''
             file ``prodflowermain.h'' will not be formatted
caesar.open: calling ``lnt_check'' for ``prodflowermain.h''
caesar.open: calling ``caesar -silent prodflowermain''
#134 warning during generation:
     impossible rendez-vous detected
In specification PRODFLOWERMAIN [3]

   - a deadlock exists for rendez-vous:
        AUX [3]
     synchronized by parallel operator ``|[exit, ON, VIDEO, AUX, AUDIO]|''
     this gate/offer combination is used in the right operand:
        PROD [exit, ON, VIDEO, AUX, AUDIO]
     but not in the left operand:
        FLOWER_IDLE [exit, ON, VIDEO, AUDIO]
command exit with status 0

info about prodflowermain.bcg:
    (* 3 states, 2 transitions, 2.3 Kbytes *)

svl clean info: [persistent] prodhidemain.bcg

"prodhidemain.bcg" = generation of "prodhidemain.lnt"

svl clean info: [temporary] generator

svl clean info: [temporary] generator.o

svl clean info: [temporary] prodhidemain.o

svl clean info: [temporary] prodhidemain.err

% lnt.open   "prodhidemain.lnt"  generator  "prodhidemain.bcg"

lnt.open: translating ``phone.lnt'' to ``/tmp/lnt.28551/PHONE.lib'' ...
/tmp/lnt.28551/phone.lnt:13: warning: gate ON is declared but not used
/tmp/lnt.28551/phone.lnt:13: warning: gate VIDEO is declared but not used

lnt.open: translating ``mediadevice.lnt'' to ``/tmp/lnt.28551/MEDIADEVICE.lib'' ...
/tmp/lnt.28551/mediadevice.lnt:23: warning: gate ON is declared but not used
/tmp/lnt.28551/mediadevice.lnt:23: warning: gate VIDEO is declared but not used
/tmp/lnt.28551/mediadevice.lnt:23: warning: gate AUX is declared but not used
/tmp/lnt.28551/mediadevice.lnt:23: warning: gate AUDIO is declared but not used

lnt.open: translating ``speaker.lnt'' to ``/tmp/lnt.28551/SPEAKER.lib'' ...
/tmp/lnt.28551/speaker.lnt:8: warning: gate AUDIO is declared but not used

lnt.open: translating ``prodall.lnt'' to ``/tmp/lnt.28551/PRODALL.lib'' ...

lnt.open: translating ``prodhidemain.lnt'' to ``/tmp/lnt.28551/prodhidemain.lotos'' ...
/tmp/lnt.28551/prodhidemain.lnt:3: warning: gate AUX is declared but not used

lnt.open: calling caesar.open for ``prodhidemain.lotos'' ...
caesar.open: using ``(direct) caesar''
caesar.open: calling ``caesar.adt -debug -silent prodhidemain''
cadp_indent: cannot find ``indent''
             file ``prodhidemain.h'' will not be formatted
caesar.open: calling ``lnt_check'' for ``prodhidemain.h''
caesar.open: calling ``caesar -silent prodhidemain''
command exit with status 0

info about prodhidemain.bcg:
    (* 5 states, 4 transitions, 2.3 Kbytes *)

